{
  message: 'Server running on port 5000',
  level: 'info',
  service: 'supply-chain-api',
  timestamp: '2025-08-20 17:38:42'
}
{
  message: 'Server running on port 5000',
  level: 'info',
  service: 'supply-chain-api',
  timestamp: '2025-08-20 18:14:15'
}
{
  message: 'API Documentation available at http://localhost:5000/api-docs',
  level: 'info',
  service: 'supply-chain-api',
  timestamp: '2025-08-20 18:14:15'
}
{
  message: 'Server running on port 5000',
  level: 'info',
  service: 'supply-chain-api',
  timestamp: '2025-08-20 18:29:43'
}
{
  message: 'API Documentation available at http://localhost:5000/api-docs',
  level: 'info',
  service: 'supply-chain-api',
  timestamp: '2025-08-20 18:29:43'
}
{
  message: 'Server running on port 5000',
  level: 'info',
  service: 'supply-chain-api',
  timestamp: '2025-08-20 18:29:46'
}
{
  message: 'API Documentation available at http://localhost:5000/api-docs',
  level: 'info',
  service: 'supply-chain-api',
  timestamp: '2025-08-20 18:29:46'
}
