{
  message: 'Redis client error: AggregateError',
  level: 'error',
  service: 'supply-chain-api',
  timestamp: '2025-08-20 17:38:42'
}
{
  message: 'Redis client error: AggregateError',
  level: 'error',
  service: 'supply-chain-api',
  timestamp: '2025-08-20 18:14:15'
}
{
  message: 'Redis client error: AggregateError',
  level: 'error',
  service: 'supply-chain-api',
  timestamp: '2025-08-20 18:29:43'
}
{
  message: 'Redis client error: AggregateError',
  level: 'error',
  service: 'supply-chain-api',
  timestamp: '2025-08-20 18:29:46'
}
